2020-12-15 08:51:05.303  INFO 40809 --- [main] com.example.web.TestPdfApplication  : Starting TestPdfApplication on IRON-MAN-2.local with PID 40809 (/Users/xu/IdeaProjects/html_export_pdf/target/classes started by xu in /Users/xu/IdeaProjects/html_export_pdf)
2020-12-15 08:51:05.319  INFO 40809 --- [main] com.example.web.TestPdfApplication  : No active profile set, falling back to default profiles: default
2020-12-15 08:51:06.715  INFO 40809 --- [main] o.s.b.w.embedded.tomcat.TomcatWebServer  : Tomcat initialized with port(s): 8080 (http)
2020-12-15 08:51:06.738  INFO 40809 --- [main] o.apache.catalina.core.StandardService   : Starting service [Tomcat]
2020-12-15 08:51:06.738  INFO 40809 --- [main] org.apache.catalina.core.StandardEngine  : Starting Servlet engine: [Apache Tomcat/9.0.16]
2020-12-15 08:51:06.745  INFO 40809 --- [main] o.a.catalina.core.AprLifecycleListener   : The APR based Apache Tomcat Native library which allows optimal performance in production environments was not found on the java.library.path: [/Users/xu/Library/Java/Extensions:/Library/Java/Extensions:/Network/Library/Java/Extensions:/System/Library/Java/Extensions:/usr/lib/java:.]
2020-12-15 08:51:06.853  INFO 40809 --- [main] o.a.c.c.C.[Tomcat].[localhost].[/]       : Initializing Spring embedded WebApplicationContext
2020-12-15 08:51:06.853  INFO 40809 --- [main] o.s.web.context.ContextLoader            : Root WebApplicationContext: initialization completed in 1490 ms
2020-12-15 08:51:07.366  INFO 40809 --- [main] o.s.s.concurrent.ThreadPoolTaskExecutor  : Initializing ExecutorService 'applicationTaskExecutor'
2020-12-15 08:51:07.701  INFO 40809 --- [main] o.s.b.w.embedded.tomcat.TomcatWebServer  : Tomcat started on port(s): 8080 (http) with context path ''
2020-12-15 08:51:07.705  INFO 40809 --- [main] com.example.web.TestPdfApplication  : Started TestPdfApplication in 2.845 seconds (JVM running for 3.647)
2020-12-15 08:55:31.608  INFO 40809 --- [http-nio-8080-exec-2] o.a.c.c.C.[Tomcat].[localhost].[/]       : Initializing Spring DispatcherServlet 'dispatcherServlet'
2020-12-15 08:55:31.609  INFO 40809 --- [http-nio-8080-exec-2] o.s.web.servlet.DispatcherServlet        : Initializing Servlet 'dispatcherServlet'
2020-12-15 08:55:31.616  INFO 40809 --- [http-nio-8080-exec-2] o.s.web.servlet.DispatcherServlet        : Completed initialization in 7 ms
2020-12-15 09:00:17.279  INFO 40809 --- [Thread-8] o.s.s.concurrent.ThreadPoolTaskExecutor  : Shutting down ExecutorService 'applicationTaskExecutor'
2020-12-15 09:00:24.430  INFO 41103 --- [main] com.example.web.TestPdfApplication  : Starting TestPdfApplication on IRON-MAN-2.local with PID 41103 (/Users/xu/IdeaProjects/html_export_pdf/target/classes started by xu in /Users/xu/IdeaProjects/html_export_pdf)
2020-12-15 09:00:24.433  INFO 41103 --- [main] com.example.web.TestPdfApplication  : No active profile set, falling back to default profiles: default
2020-12-15 09:00:25.385  INFO 41103 --- [main] o.s.b.w.embedded.tomcat.TomcatWebServer  : Tomcat initialized with port(s): 8080 (http)
2020-12-15 09:00:25.402  INFO 41103 --- [main] o.apache.catalina.core.StandardService   : Starting service [Tomcat]
2020-12-15 09:00:25.402  INFO 41103 --- [main] org.apache.catalina.core.StandardEngine  : Starting Servlet engine: [Apache Tomcat/9.0.16]
2020-12-15 09:00:25.407  INFO 41103 --- [main] o.a.catalina.core.AprLifecycleListener   : The APR based Apache Tomcat Native library which allows optimal performance in production environments was not found on the java.library.path: [/Users/xu/Library/Java/Extensions:/Library/Java/Extensions:/Network/Library/Java/Extensions:/System/Library/Java/Extensions:/usr/lib/java:.]
2020-12-15 09:00:25.491  INFO 41103 --- [main] o.a.c.c.C.[Tomcat].[localhost].[/]       : Initializing Spring embedded WebApplicationContext
2020-12-15 09:00:25.491  INFO 41103 --- [main] o.s.web.context.ContextLoader            : Root WebApplicationContext: initialization completed in 1019 ms
2020-12-15 09:00:25.890  INFO 41103 --- [main] o.s.s.concurrent.ThreadPoolTaskExecutor  : Initializing ExecutorService 'applicationTaskExecutor'
2020-12-15 09:00:26.090  INFO 41103 --- [main] o.s.b.w.embedded.tomcat.TomcatWebServer  : Tomcat started on port(s): 8080 (http) with context path ''
2020-12-15 09:00:26.093  INFO 41103 --- [main] com.example.web.TestPdfApplication  : Started TestPdfApplication in 2.012 seconds (JVM running for 2.578)
2020-12-15 09:00:26.095  INFO 41103 --- [main] com.example.web.TestPdfApplication  :
----------------------------------------------------------
	Application Poney Gzxf Portal is running! Access URLs:
	Local: 		http://localhost:8080null
	External: 	http://192.168.10.244:8080null
	swagger-ui: 	http://192.168.10.244:8080nullswagger-ui.html
	Doc: 		http://192.168.10.244:8080nulldoc.html
----------------------------------------------------------
2020-12-15 09:00:52.138  INFO 41103 --- [Thread-6] o.s.s.concurrent.ThreadPoolTaskExecutor  : Shutting down ExecutorService 'applicationTaskExecutor'
2020-12-15 09:00:56.689  INFO 41129 --- [main] com.example.web.TestPdfApplication  : Starting TestPdfApplication on IRON-MAN-2.local with PID 41129 (/Users/xu/IdeaProjects/html_export_pdf/target/classes started by xu in /Users/xu/IdeaProjects/html_export_pdf)
2020-12-15 09:00:56.691  INFO 41129 --- [main] com.example.web.TestPdfApplication  : No active profile set, falling back to default profiles: default
2020-12-15 09:00:57.727  INFO 41129 --- [main] o.s.b.w.embedded.tomcat.TomcatWebServer  : Tomcat initialized with port(s): 8080 (http)
2020-12-15 09:00:57.743  INFO 41129 --- [main] o.apache.catalina.core.StandardService   : Starting service [Tomcat]
2020-12-15 09:00:57.743  INFO 41129 --- [main] org.apache.catalina.core.StandardEngine  : Starting Servlet engine: [Apache Tomcat/9.0.16]
2020-12-15 09:00:57.748  INFO 41129 --- [main] o.a.catalina.core.AprLifecycleListener   : The APR based Apache Tomcat Native library which allows optimal performance in production environments was not found on the java.library.path: [/Users/xu/Library/Java/Extensions:/Library/Java/Extensions:/Network/Library/Java/Extensions:/System/Library/Java/Extensions:/usr/lib/java:.]
2020-12-15 09:00:57.860  INFO 41129 --- [main] o.a.c.c.C.[Tomcat].[localhost].[/]       : Initializing Spring embedded WebApplicationContext
2020-12-15 09:00:57.860  INFO 41129 --- [main] o.s.web.context.ContextLoader            : Root WebApplicationContext: initialization completed in 1133 ms
2020-12-15 09:00:58.349  INFO 41129 --- [main] o.s.s.concurrent.ThreadPoolTaskExecutor  : Initializing ExecutorService 'applicationTaskExecutor'
2020-12-15 09:00:58.548  INFO 41129 --- [main] o.s.b.w.embedded.tomcat.TomcatWebServer  : Tomcat started on port(s): 8080 (http) with context path ''
2020-12-15 09:00:58.551  INFO 41129 --- [main] com.example.web.TestPdfApplication  : Started TestPdfApplication in 2.21 seconds (JVM running for 2.775)
2020-12-15 09:00:58.554  INFO 41129 --- [main] com.example.web.TestPdfApplication  :
----------------------------------------------------------
	Application Poney Gzxf Portal is running! Access URLs:
	Local: 		http://localhost:8080
	External: 	http://192.168.10.244:8080
	swagger-ui: 	http://192.168.10.244:8080swagger-ui.html
	Doc: 		http://192.168.10.244:8080doc.html
----------------------------------------------------------
2020-12-15 09:11:58.223  INFO 41129 --- [Thread-6] o.s.s.concurrent.ThreadPoolTaskExecutor  : Shutting down ExecutorService 'applicationTaskExecutor'
